<?xml version="1.0" encoding="UTF-8"?>
<coverage generated="1660724150">
  <project timestamp="1660724150">
    <file name="C:\Users\46066917X\Documents\GitHub\maintenancemode\src\Commands\Down.php">
      <class name="Daycry\Maintenance\Commands\Down" namespace="global">
        <metrics complexity="7" methods="2" coveredmethods="2" conditionals="0" coveredconditionals="0" statements="28" coveredstatements="28" elements="30" coveredelements="30"/>
      </class>
      <line num="16" type="method" name="run" visibility="public" complexity="5" crap="5" count="6"/>
      <line num="18" type="stmt" count="6"/>
      <line num="20" type="stmt" count="6"/>
      <line num="22" type="stmt" count="5"/>
      <line num="24" type="stmt" count="5"/>
      <line num="26" type="stmt" count="1"/>
      <line num="29" type="stmt" count="5"/>
      <line num="31" type="stmt" count="5"/>
      <line num="33" type="stmt" count="1"/>
      <line num="36" type="stmt" count="5"/>
      <line num="39" type="stmt" count="5"/>
      <line num="42" type="stmt" count="5"/>
      <line num="43" type="stmt" count="5"/>
      <line num="44" type="stmt" count="5"/>
      <line num="46" type="stmt" count="5"/>
      <line num="48" type="stmt" count="5"/>
      <line num="55" type="stmt" count="5"/>
      <line num="56" type="stmt" count="5"/>
      <line num="57" type="stmt" count="5"/>
      <line num="59" type="stmt" count="5"/>
      <line num="62" type="stmt" count="1"/>
      <line num="63" type="stmt" count="1"/>
      <line num="64" type="stmt" count="1"/>
      <line num="68" type="method" name="randomhash" visibility="public" complexity="2" crap="2" count="5"/>
      <line num="70" type="stmt" count="5"/>
      <line num="71" type="stmt" count="5"/>
      <line num="72" type="stmt" count="5"/>
      <line num="74" type="stmt" count="5"/>
      <line num="76" type="stmt" count="5"/>
      <line num="79" type="stmt" count="5"/>
      <metrics loc="82" ncloc="80" classes="1" methods="2" coveredmethods="2" conditionals="0" coveredconditionals="0" statements="28" coveredstatements="28" elements="30" coveredelements="30"/>
    </file>
    <file name="C:\Users\46066917X\Documents\GitHub\maintenancemode\src\Commands\Status.php">
      <class name="Daycry\Maintenance\Commands\Status" namespace="global">
        <metrics complexity="7" methods="1" coveredmethods="1" conditionals="0" coveredconditionals="0" statements="26" coveredstatements="26" elements="27" coveredelements="27"/>
      </class>
      <line num="15" type="method" name="run" visibility="public" complexity="7" crap="7" count="7"/>
      <line num="17" type="stmt" count="7"/>
      <line num="19" type="stmt" count="7"/>
      <line num="21" type="stmt" count="6"/>
      <line num="23" type="stmt" count="6"/>
      <line num="24" type="stmt" count="6"/>
      <line num="25" type="stmt" count="6"/>
      <line num="29" type="stmt" count="6"/>
      <line num="31" type="stmt" count="6"/>
      <line num="33" type="stmt" count="6"/>
      <line num="35" type="stmt" count="6"/>
      <line num="37" type="stmt" count="6"/>
      <line num="38" type="stmt" count="6"/>
      <line num="39" type="stmt" count="6"/>
      <line num="40" type="stmt" count="6"/>
      <line num="41" type="stmt" count="6"/>
      <line num="43" type="stmt" count="6"/>
      <line num="47" type="stmt" count="6"/>
      <line num="52" type="stmt" count="6"/>
      <line num="54" type="stmt" count="6"/>
      <line num="56" type="stmt" count="6"/>
      <line num="58" type="stmt" count="6"/>
      <line num="61" type="stmt" count="6"/>
      <line num="63" type="stmt" count="6"/>
      <line num="66" type="stmt" count="1"/>
      <line num="67" type="stmt" count="1"/>
      <line num="68" type="stmt" count="1"/>
      <metrics loc="72" ncloc="67" classes="1" methods="1" coveredmethods="1" conditionals="0" coveredconditionals="0" statements="26" coveredstatements="26" elements="27" coveredelements="27"/>
    </file>
    <file name="C:\Users\46066917X\Documents\GitHub\maintenancemode\src\Commands\Up.php">
      <class name="Daycry\Maintenance\Commands\Up" namespace="global">
        <metrics complexity="1" methods="1" coveredmethods="1" conditionals="0" coveredconditionals="0" statements="5" coveredstatements="5" elements="6" coveredelements="6"/>
      </class>
      <line num="16" type="method" name="run" visibility="public" complexity="1" crap="1" count="2"/>
      <line num="18" type="stmt" count="2"/>
      <line num="21" type="stmt" count="2"/>
      <line num="23" type="stmt" count="2"/>
      <line num="24" type="stmt" count="2"/>
      <line num="25" type="stmt" count="2"/>
      <metrics loc="28" ncloc="27" classes="1" methods="1" coveredmethods="1" conditionals="0" coveredconditionals="0" statements="5" coveredstatements="5" elements="6" coveredelements="6"/>
    </file>
    <file name="C:\Users\46066917X\Documents\GitHub\maintenancemode\src\Config\Maintenance.php">
      <class name="Daycry\Maintenance\Config\Maintenance" namespace="global">
        <metrics complexity="0" methods="0" coveredmethods="0" conditionals="0" coveredconditionals="0" statements="0" coveredstatements="0" elements="0" coveredelements="0"/>
      </class>
      <metrics loc="17" ncloc="12" classes="0" methods="0" coveredmethods="0" conditionals="0" coveredconditionals="0" statements="0" coveredstatements="0" elements="0" coveredelements="0"/>
    </file>
    <file name="C:\Users\46066917X\Documents\GitHub\maintenancemode\src\Controllers\Maintenance.php">
      <class name="Daycry\Maintenance\Controllers\Maintenance" namespace="global">
        <metrics complexity="7" methods="1" coveredmethods="1" conditionals="0" coveredconditionals="0" statements="13" coveredstatements="13" elements="14" coveredelements="14"/>
      </class>
      <line num="15" type="method" name="check" visibility="public" complexity="6" crap="6" count="5"/>
      <line num="18" type="stmt" count="5"/>
      <line num="20" type="stmt" count="5"/>
      <line num="22" type="stmt" count="5"/>
      <line num="25" type="stmt" count="5"/>
      <line num="27" type="stmt" count="2"/>
      <line num="31" type="stmt" count="3"/>
      <line num="35" type="stmt" count="3"/>
      <line num="36" type="stmt" count="3"/>
      <line num="38" type="stmt" count="1"/>
      <line num="43" type="stmt" count="2"/>
      <line num="44" type="stmt" count="2"/>
      <line num="46" type="stmt" count="2"/>
      <line num="53" type="stmt" count="2"/>
      <metrics loc="56" ncloc="47" classes="1" methods="1" coveredmethods="1" conditionals="0" coveredconditionals="0" statements="13" coveredstatements="13" elements="14" coveredelements="14"/>
    </file>
    <file name="C:\Users\46066917X\Documents\GitHub\maintenancemode\src\Exceptions\ExceptionInterface.php">
      <metrics loc="6" ncloc="6" classes="0" methods="0" coveredmethods="0" conditionals="0" coveredconditionals="0" statements="0" coveredstatements="0" elements="0" coveredelements="0"/>
    </file>
    <file name="C:\Users\46066917X\Documents\GitHub\maintenancemode\src\Exceptions\ServiceUnavailableException.php">
      <class name="Daycry\Maintenance\Exceptions\ServiceUnavailableException" namespace="global">
        <metrics complexity="1" methods="1" coveredmethods="1" conditionals="0" coveredconditionals="0" statements="1" coveredstatements="1" elements="2" coveredelements="2"/>
      </class>
      <line num="13" type="method" name="forServerDow" visibility="public" complexity="1" crap="1" count="2"/>
      <line num="15" type="stmt" count="2"/>
      <metrics loc="17" ncloc="12" classes="1" methods="1" coveredmethods="1" conditionals="0" coveredconditionals="0" statements="1" coveredstatements="1" elements="2" coveredelements="2"/>
    </file>
    <file name="C:\Users\46066917X\Documents\GitHub\maintenancemode\src\Filters\Maintenance.php">
      <class name="Daycry\Maintenance\Filters\Maintenance" namespace="global">
        <metrics complexity="2" methods="1" coveredmethods="1" conditionals="0" coveredconditionals="0" statements="1" coveredstatements="1" elements="2" coveredelements="2"/>
      </class>
      <line num="17" type="method" name="before" visibility="public" complexity="1" crap="1" count="2"/>
      <line num="19" type="stmt" count="2"/>
      <metrics loc="35" ncloc="19" classes="1" methods="1" coveredmethods="1" conditionals="0" coveredconditionals="0" statements="1" coveredstatements="1" elements="2" coveredelements="2"/>
    </file>
    <file name="C:\Users\46066917X\Documents\GitHub\maintenancemode\src\Libraries\Config.php">
      <class name="Daycry\Maintenance\Libraries\Config" namespace="global">
        <metrics complexity="2" methods="1" coveredmethods="1" conditionals="0" coveredconditionals="0" statements="3" coveredstatements="3" elements="4" coveredelements="4"/>
      </class>
      <line num="6" type="method" name="getConfig" visibility="public" complexity="2" crap="2" count="11"/>
      <line num="8" type="stmt" count="11"/>
      <line num="10" type="stmt" count="11"/>
      <line num="17" type="stmt" count="11"/>
      <metrics loc="19" ncloc="17" classes="1" methods="1" coveredmethods="1" conditionals="0" coveredconditionals="0" statements="3" coveredstatements="3" elements="4" coveredelements="4"/>
    </file>
    <file name="C:\Users\46066917X\Documents\GitHub\maintenancemode\src\Libraries\IpUtils.php">
      <class name="Daycry\Maintenance\Libraries\IpUtils" namespace="global">
        <metrics complexity="28" methods="0" coveredmethods="0" conditionals="0" coveredconditionals="0" statements="0" coveredstatements="0" elements="0" coveredelements="0"/>
      </class>
      <metrics loc="159" ncloc="121" classes="0" methods="0" coveredmethods="0" conditionals="0" coveredconditionals="0" statements="0" coveredstatements="0" elements="0" coveredelements="0"/>
    </file>
    <metrics files="10" loc="491" ncloc="408" classes="7" methods="8" coveredmethods="8" conditionals="0" coveredconditionals="0" statements="77" coveredstatements="77" elements="85" coveredelements="85"/>
  </project>
</coverage>
